# JRE version: OpenJDK Runtime Environment (11.0.12+7) (build 11.0.12+7-b1504.28-7817840)
# Java VM: OpenJDK 64-Bit Server VM (11.0.12+7-b1504.28-7817840, mixed mode, tiered, compressed oops, g1 gc, windows-amd64)
Heap:
 garbage-first heap   total 524288K, used 280450K [0x00000000a0000000, 0x0000000100000000)
  region size 1024K, 25 young (25600K), 1 survivors (1024K)
 Metaspace       used 137783K, capacity 140905K, committed 141004K, reserved 1173504K
  class space    used 16709K, capacity 17860K, committed 17920K, reserved 1048576K
GC Heap History (20 events):
Event: 149.443 GC heap before
{Heap before GC invocations=65 (full 0):
 garbage-first heap   total 238592K, used 202699K [0x00000000a0000000, 0x0000000100000000)
  region size 1024K, 12 young (12288K), 1 survivors (1024K)
 Metaspace       used 137354K, capacity 140414K, committed 140492K, reserved 1171456K
  class space    used 16701K, capacity 17853K, committed 17920K, reserved 1048576K
}
Event: 149.453 GC heap after
{Heap after GC invocations=66 (full 0):
 garbage-first heap   total 238592K, used 192792K [0x00000000a0000000, 0x0000000100000000)
  region size 1024K, 2 young (2048K), 2 survivors (2048K)
 Metaspace       used 137354K, capacity 140414K, committed 140492K, reserved 1171456K
  class space    used 16701K, capacity 17853K, committed 17920K, reserved 1048576K
}
Event: 149.647 GC heap before
{Heap before GC invocations=66 (full 0):
 garbage-first heap   total 238592K, used 203032K [0x00000000a0000000, 0x0000000100000000)
  region size 1024K, 13 young (13312K), 2 survivors (2048K)
 Metaspace       used 137439K, capacity 140482K, committed 140748K, reserved 1171456K
  class space    used 16701K, capacity 17853K, committed 17920K, reserved 1048576K
}
Event: 149.656 GC heap after
{Heap after GC invocations=67 (full 0):
 garbage-first heap   total 238592K, used 193746K [0x00000000a0000000, 0x0000000100000000)
  region size 1024K, 1 young (1024K), 1 survivors (1024K)
 Metaspace       used 137439K, capacity 140482K, committed 140748K, reserved 1171456K
  class space    used 16701K, capacity 17853K, committed 17920K, reserved 1048576K
}
Event: 149.754 GC heap before
{Heap before GC invocations=67 (full 0):
 garbage-first heap   total 238592K, used 205010K [0x00000000a0000000, 0x0000000100000000)
  region size 1024K, 12 young (12288K), 1 survivors (1024K)
 Metaspace       used 137467K, capacity 140482K, committed 140748K, reserved 1171456K
  class space    used 16701K, capacity 17853K, committed 17920K, reserved 1048576K
}
Event: 149.772 GC heap after
{Heap after GC invocations=68 (full 0):
 garbage-first heap   total 238592K, used 204453K [0x00000000a0000000, 0x0000000100000000)
  region size 1024K, 2 young (2048K), 2 survivors (2048K)
 Metaspace       used 137467K, capacity 140482K, committed 140748K, reserved 1171456K
  class space    used 16701K, capacity 17853K, committed 17920K, reserved 1048576K
}
Event: 149.832 GC heap before
{Heap before GC invocations=68 (full 0):
 garbage-first heap   total 238592K, used 212645K [0x00000000a0000000, 0x0000000100000000)
  region size 1024K, 11 young (11264K), 2 survivors (2048K)
 Metaspace       used 137467K, capacity 140482K, committed 140748K, reserved 1171456K
  class space    used 16701K, capacity 17853K, committed 17920K, reserved 1048576K
}
Event: 149.846 GC heap after
{Heap after GC invocations=69 (full 0):
 garbage-first heap   total 238592K, used 212701K [0x00000000a0000000, 0x0000000100000000)
  region size 1024K, 2 young (2048K), 2 survivors (2048K)
 Metaspace       used 137467K, capacity 140482K, committed 140748K, reserved 1171456K
  class space    used 16701K, capacity 17853K, committed 17920K, reserved 1048576K
}
Event: 149.892 GC heap before
{Heap before GC invocations=69 (full 0):
 garbage-first heap   total 238592K, used 221917K [0x00000000a0000000, 0x0000000100000000)
  region size 1024K, 11 young (11264K), 2 survivors (2048K)
 Metaspace       used 137467K, capacity 140482K, committed 140748K, reserved 1171456K
  class space    used 16701K, capacity 17853K, committed 17920K, reserved 1048576K
}
Event: 149.909 GC heap after
{Heap after GC invocations=70 (full 0):
 garbage-first heap   total 238592K, used 219879K [0x00000000a0000000, 0x0000000100000000)
  region size 1024K, 2 young (2048K), 2 survivors (2048K)
 Metaspace       used 137467K, capacity 140482K, committed 140748K, reserved 1171456K
  class space    used 16701K, capacity 17853K, committed 17920K, reserved 1048576K
}
Event: 150.018 GC heap before
{Heap before GC invocations=70 (full 0):
 garbage-first heap   total 238592K, used 229095K [0x00000000a0000000, 0x0000000100000000)
  region size 1024K, 11 young (11264K), 2 survivors (2048K)
 Metaspace       used 137493K, capacity 140483K, committed 140748K, reserved 1171456K
  class space    used 16701K, capacity 17853K, committed 17920K, reserved 1048576K
}
Event: 150.034 GC heap after
{Heap after GC invocations=71 (full 0):
 garbage-first heap   total 311296K, used 225961K [0x00000000a0000000, 0x0000000100000000)
  region size 1024K, 2 young (2048K), 2 survivors (2048K)
 Metaspace       used 137493K, capacity 140483K, committed 140748K, reserved 1171456K
  class space    used 16701K, capacity 17853K, committed 17920K, reserved 1048576K
}
Event: 150.694 GC heap before
{Heap before GC invocations=71 (full 0):
 garbage-first heap   total 311296K, used 245417K [0x00000000a0000000, 0x0000000100000000)
  region size 1024K, 21 young (21504K), 2 survivors (2048K)
 Metaspace       used 137592K, capacity 140547K, committed 140748K, reserved 1171456K
  class space    used 16701K, capacity 17853K, committed 17920K, reserved 1048576K
}
Event: 150.713 GC heap after
{Heap after GC invocations=72 (full 0):
 garbage-first heap   total 311296K, used 236544K [0x00000000a0000000, 0x0000000100000000)
  region size 1024K, 3 young (3072K), 3 survivors (3072K)
 Metaspace       used 137592K, capacity 140547K, committed 140748K, reserved 1171456K
  class space    used 16701K, capacity 17853K, committed 17920K, reserved 1048576K
}
Event: 150.794 GC heap before
{Heap before GC invocations=72 (full 0):
 garbage-first heap   total 311296K, used 251904K [0x00000000a0000000, 0x0000000100000000)
  region size 1024K, 19 young (19456K), 3 survivors (3072K)
 Metaspace       used 137592K, capacity 140547K, committed 140748K, reserved 1171456K
  class space    used 16701K, capacity 17853K, committed 17920K, reserved 1048576K
}
Event: 150.823 GC heap after
{Heap after GC invocations=73 (full 0):
 garbage-first heap   total 311296K, used 249856K [0x00000000a0000000, 0x0000000100000000)
  region size 1024K, 3 young (3072K), 3 survivors (3072K)
 Metaspace       used 137592K, capacity 140547K, committed 140748K, reserved 1171456K
  class space    used 16701K, capacity 17853K, committed 17920K, reserved 1048576K
}
Event: 150.940 GC heap before
{Heap before GC invocations=73 (full 0):
 garbage-first heap   total 311296K, used 262144K [0x00000000a0000000, 0x0000000100000000)
  region size 1024K, 15 young (15360K), 3 survivors (3072K)
 Metaspace       used 137641K, capacity 140611K, committed 140748K, reserved 1171456K
  class space    used 16702K, capacity 17853K, committed 17920K, reserved 1048576K
}
Event: 150.965 GC heap after
{Heap after GC invocations=74 (full 0):
 garbage-first heap   total 311296K, used 258048K [0x00000000a0000000, 0x0000000100000000)
  region size 1024K, 2 young (2048K), 2 survivors (2048K)
 Metaspace       used 137641K, capacity 140611K, committed 140748K, reserved 1171456K
  class space    used 16702K, capacity 17853K, committed 17920K, reserved 1048576K
}
Event: 151.392 GC heap before
{Heap before GC invocations=75 (full 0):
 garbage-first heap   total 311296K, used 271360K [0x00000000a0000000, 0x0000000100000000)
  region size 1024K, 15 young (15360K), 2 survivors (2048K)
 Metaspace       used 137722K, capacity 140841K, committed 141004K, reserved 1173504K
  class space    used 16709K, capacity 17860K, committed 17920K, reserved 1048576K
}
Event: 151.413 GC heap after
{Heap after GC invocations=76 (full 0):
 garbage-first heap   total 524288K, used 257922K [0x00000000a0000000, 0x0000000100000000)
  region size 1024K, 1 young (1024K), 1 survivors (1024K)
 Metaspace       used 137722K, capacity 140841K, committed 141004K, reserved 1173504K
  class space    used 16709K, capacity 17860K, committed 17920K, reserved 1048576K
}

